103.02.25 16:17 B E:\cEEEcEEE\sITE\dothopper pages\Root\WebPages\OSL leasing\osl_files\bgd_mid.gif --> ftp.dothopper.com /dothopper.com/htdocs/WebPages/OSL leasing/osl_files bgd_mid.gif
103.02.25 16:17 B E:\cEEEcEEE\sITE\dothopper pages\Root\WebPages\OSL leasing\osl_files\bgd_subnav.gif --> ftp.dothopper.com /dothopper.com/htdocs/WebPages/OSL leasing/osl_files bgd_subnav.gif
103.02.25 16:17 B E:\cEEEcEEE\sITE\dothopper pages\Root\WebPages\OSL leasing\osl_files\exodus.css --> ftp.dothopper.com /dothopper.com/htdocs/WebPages/OSL leasing/osl_files exodus.css
103.02.25 16:17 B E:\cEEEcEEE\sITE\dothopper pages\Root\WebPages\OSL leasing\osl_files\exoduslogo200.jpg --> ftp.dothopper.com /dothopper.com/htdocs/WebPages/OSL leasing/osl_files exoduslogo200.jpg
103.02.25 16:17 B E:\cEEEcEEE\sITE\dothopper pages\Root\WebPages\OSL leasing\osl_files\mid_base.gif --> ftp.dothopper.com /dothopper.com/htdocs/WebPages/OSL leasing/osl_files mid_base.gif
103.02.25 16:17 B E:\cEEEcEEE\sITE\dothopper pages\Root\WebPages\OSL leasing\osl_files\moredots.gif --> ftp.dothopper.com /dothopper.com/htdocs/WebPages/OSL leasing/osl_files moredots.gif
103.02.25 16:17 B E:\cEEEcEEE\sITE\dothopper pages\Root\WebPages\OSL leasing\osl_files\nav1_about.gif --> ftp.dothopper.com /dothopper.com/htdocs/WebPages/OSL leasing/osl_files nav1_about.gif
103.02.25 16:17 B E:\cEEEcEEE\sITE\dothopper pages\Root\WebPages\OSL leasing\osl_files\nav1_blank.gif --> ftp.dothopper.com /dothopper.com/htdocs/WebPages/OSL leasing/osl_files nav1_blank.gif
103.02.25 16:17 B E:\cEEEcEEE\sITE\dothopper pages\Root\WebPages\OSL leasing\osl_files\nav2_business.gif --> ftp.dothopper.com /dothopper.com/htdocs/WebPages/OSL leasing/osl_files nav2_business.gif
103.02.25 16:17 B E:\cEEEcEEE\sITE\dothopper pages\Root\WebPages\OSL leasing\osl_files\nav3_techniques.gif --> ftp.dothopper.com /dothopper.com/htdocs/WebPages/OSL leasing/osl_files nav3_techniques.gif
103.02.25 16:17 B E:\cEEEcEEE\sITE\dothopper pages\Root\WebPages\OSL leasing\osl_files\nav4_planning.gif --> ftp.dothopper.com /dothopper.com/htdocs/WebPages/OSL leasing/osl_files nav4_planning.gif
103.02.25 16:17 B E:\cEEEcEEE\sITE\dothopper pages\Root\WebPages\OSL leasing\osl_files\nav5_publications.gif --> ftp.dothopper.com /dothopper.com/htdocs/WebPages/OSL leasing/osl_files nav5_publications.gif
103.02.25 16:17 B E:\cEEEcEEE\sITE\dothopper pages\Root\WebPages\OSL leasing\osl_files\nav6_resources.gif --> ftp.dothopper.com /dothopper.com/htdocs/WebPages/OSL leasing/osl_files nav6_resources.gif
103.02.25 16:17 B E:\cEEEcEEE\sITE\dothopper pages\Root\WebPages\OSL leasing\osl_files\nav7_portfolio.gif --> ftp.dothopper.com /dothopper.com/htdocs/WebPages/OSL leasing/osl_files nav7_portfolio.gif
103.02.25 16:17 B E:\cEEEcEEE\sITE\dothopper pages\Root\WebPages\OSL leasing\osl_files\nav8_contact.gif --> ftp.dothopper.com /dothopper.com/htdocs/WebPages/OSL leasing/osl_files nav8_contact.gif
103.02.25 16:17 B E:\cEEEcEEE\sITE\dothopper pages\Root\WebPages\OSL leasing\osl_files\nav_left.gif --> ftp.dothopper.com /dothopper.com/htdocs/WebPages/OSL leasing/osl_files nav_left.gif
103.02.25 16:17 B E:\cEEEcEEE\sITE\dothopper pages\Root\WebPages\OSL leasing\osl_files\nav_right.gif --> ftp.dothopper.com /dothopper.com/htdocs/WebPages/OSL leasing/osl_files nav_right.gif
103.02.25 16:17 B E:\cEEEcEEE\sITE\dothopper pages\Root\WebPages\OSL leasing\osl_files\subnav_base.gif --> ftp.dothopper.com /dothopper.com/htdocs/WebPages/OSL leasing/osl_files subnav_base.gif
103.02.25 16:17 B E:\cEEEcEEE\sITE\dothopper pages\Root\WebPages\OSL leasing\osl_files\top1.jpg --> ftp.dothopper.com /dothopper.com/htdocs/WebPages/OSL leasing/osl_files top1.jpg
103.02.25 16:17 B E:\cEEEcEEE\sITE\dothopper pages\Root\WebPages\OSL leasing\osl_files\top2.jpg --> ftp.dothopper.com /dothopper.com/htdocs/WebPages/OSL leasing/osl_files top2.jpg
