102.05.28 08:02 B C:\My Documents\OSL Site\pics osl\ADTRAN_Lead_VPN.gif --> ftp.dothopper.com /e:/4245/dothopper.com/user/htdocs/pics osl ADTRAN_Lead_VPN.gif
102.05.28 08:02 B C:\My Documents\OSL Site\pics osl\banner.jpg --> ftp.dothopper.com /e:/4245/dothopper.com/user/htdocs/pics osl banner.jpg
102.05.28 08:02 B C:\My Documents\OSL Site\pics osl\bar.jpg --> ftp.dothopper.com /e:/4245/dothopper.com/user/htdocs/pics osl bar.jpg
102.05.28 08:02 B C:\My Documents\OSL Site\pics osl\chgo2.jpg --> ftp.dothopper.com /e:/4245/dothopper.com/user/htdocs/pics osl chgo2.jpg
102.05.28 08:02 B C:\My Documents\OSL Site\pics osl\dollarbtn3.gif --> ftp.dothopper.com /e:/4245/dothopper.com/user/htdocs/pics osl dollarbtn3.gif
102.05.28 08:02 B C:\My Documents\OSL Site\pics osl\manoncomputer.jpg --> ftp.dothopper.com /e:/4245/dothopper.com/user/htdocs/pics osl manoncomputer.jpg
102.05.28 08:02 B C:\My Documents\OSL Site\pics osl\mus2.jpg --> ftp.dothopper.com /e:/4245/dothopper.com/user/htdocs/pics osl mus2.jpg
102.05.28 08:02 B C:\My Documents\OSL Site\pics osl\solutions.jpg --> ftp.dothopper.com /e:/4245/dothopper.com/user/htdocs/pics osl solutions.jpg
102.05.28 08:02 B C:\My Documents\OSL Site\pics osl\stl2.jpg --> ftp.dothopper.com /e:/4245/dothopper.com/user/htdocs/pics osl stl2.jpg
102.05.28 09:00 B C:\My Documents\OSL Site\pics osl\businessmen3.jpg --> ftp.dothopper.com /e:/4245/dothopper.com/user/htdocs/pics osl businessmen3.jpg
102.05.28 09:01 B C:\My Documents\OSL Site\pics osl\closeup2.jpg --> ftp.dothopper.com /e:/4245/dothopper.com/user/htdocs/pics osl closeup2.jpg
102.05.28 09:01 B C:\My Documents\OSL Site\pics osl\gl.jpg --> ftp.dothopper.com /e:/4245/dothopper.com/user/htdocs/pics osl gl.jpg
102.05.28 09:01 B C:\My Documents\OSL Site\pics osl\kiosklobby2.jpg --> ftp.dothopper.com /e:/4245/dothopper.com/user/htdocs/pics osl kiosklobby2.jpg
102.05.28 09:01 B C:\My Documents\OSL Site\pics osl\kisoskspic1clr.jpg --> ftp.dothopper.com /e:/4245/dothopper.com/user/htdocs/pics osl kisoskspic1clr.jpg
102.06.07 02:44 B C:\My Documents\OSL Site\pics osl\ADTRAN_Lead_VPN.gif --> www.offlinesolutions.ndo.co.uk /pics osl ADTRAN_Lead_VPN.gif
102.06.07 02:44 B C:\My Documents\OSL Site\pics osl\banner cut.jpg --> www.offlinesolutions.ndo.co.uk /pics osl banner cut.jpg
102.06.07 02:44 B C:\My Documents\OSL Site\pics osl\banner.jpg --> www.offlinesolutions.ndo.co.uk /pics osl banner.jpg
102.06.07 02:44 B C:\My Documents\OSL Site\pics osl\banner2.jpg --> www.offlinesolutions.ndo.co.uk /pics osl banner2.jpg
102.06.07 02:44 B C:\My Documents\OSL Site\pics osl\bar.jpg --> www.offlinesolutions.ndo.co.uk /pics osl bar.jpg
102.06.07 02:44 B C:\My Documents\OSL Site\pics osl\bar2.jpg --> www.offlinesolutions.ndo.co.uk /pics osl bar2.jpg
102.06.07 02:44 B C:\My Documents\OSL Site\pics osl\businessmen3.jpg --> www.offlinesolutions.ndo.co.uk /pics osl businessmen3.jpg
102.06.07 02:44 B C:\My Documents\OSL Site\pics osl\CAD.jpg --> www.offlinesolutions.ndo.co.uk /pics osl CAD.jpg
102.06.07 02:44 B C:\My Documents\OSL Site\pics osl\chgo2.jpg --> www.offlinesolutions.ndo.co.uk /pics osl chgo2.jpg
102.06.07 02:44 B C:\My Documents\OSL Site\pics osl\closeup2.jpg --> www.offlinesolutions.ndo.co.uk /pics osl closeup2.jpg
102.06.07 02:44 B C:\My Documents\OSL Site\pics osl\contact roll.jpg --> www.offlinesolutions.ndo.co.uk /pics osl contact roll.jpg
102.06.07 02:44 B C:\My Documents\OSL Site\pics osl\contact.jpg --> www.offlinesolutions.ndo.co.uk /pics osl contact.jpg
102.06.07 02:44 B C:\My Documents\OSL Site\pics osl\dollarbtn3.gif --> www.offlinesolutions.ndo.co.uk /pics osl dollarbtn3.gif
102.06.07 02:44 B C:\My Documents\OSL Site\pics osl\gl.jpg --> www.offlinesolutions.ndo.co.uk /pics osl gl.jpg
102.06.07 02:44 B C:\My Documents\OSL Site\pics osl\intranet roll.jpg --> www.offlinesolutions.ndo.co.uk /pics osl intranet roll.jpg
102.06.07 02:45 B C:\My Documents\OSL Site\pics osl\intranet.jpg --> www.offlinesolutions.ndo.co.uk /pics osl intranet.jpg
102.06.07 02:45 B C:\My Documents\OSL Site\pics osl\kiosklobby2.jpg --> www.offlinesolutions.ndo.co.uk /pics osl kiosklobby2.jpg
102.06.07 02:45 B C:\My Documents\OSL Site\pics osl\kisoskspic1clr.jpg --> www.offlinesolutions.ndo.co.uk /pics osl kisoskspic1clr.jpg
102.06.07 02:45 B C:\My Documents\OSL Site\pics osl\ledot_tm_new.gif --> www.offlinesolutions.ndo.co.uk /pics osl ledot_tm_new.gif
102.06.07 02:45 B C:\My Documents\OSL Site\pics osl\logotype1.gif --> www.offlinesolutions.ndo.co.uk /pics osl logotype1.gif
102.06.07 02:45 B C:\My Documents\OSL Site\pics osl\manoncomputer.jpg --> www.offlinesolutions.ndo.co.uk /pics osl manoncomputer.jpg
102.06.07 02:45 B C:\My Documents\OSL Site\pics osl\mlcsguys.bmp --> www.offlinesolutions.ndo.co.uk /pics osl mlcsguys.bmp
102.06.07 02:45 B C:\My Documents\OSL Site\pics osl\mlcsguys.gif --> www.offlinesolutions.ndo.co.uk /pics osl mlcsguys.gif
102.06.07 02:45 B C:\My Documents\OSL Site\pics osl\mus2.jpg --> www.offlinesolutions.ndo.co.uk /pics osl mus2.jpg
102.06.07 02:45 B C:\My Documents\OSL Site\pics osl\old manoncomputer.jpg --> www.offlinesolutions.ndo.co.uk /pics osl old manoncomputer.jpg
102.06.07 02:45 B C:\My Documents\OSL Site\pics osl\overview roll.jpg --> www.offlinesolutions.ndo.co.uk /pics osl overview roll.jpg
102.06.07 02:45 B C:\My Documents\OSL Site\pics osl\overview.jpg --> www.offlinesolutions.ndo.co.uk /pics osl overview.jpg
102.06.07 02:45 B C:\My Documents\OSL Site\pics osl\products roll.jpg --> www.offlinesolutions.ndo.co.uk /pics osl products roll.jpg
102.06.07 02:45 B C:\My Documents\OSL Site\pics osl\products.jpg --> www.offlinesolutions.ndo.co.uk /pics osl products.jpg
102.06.07 02:46 B C:\My Documents\OSL Site\pics osl\solutions.jpg --> www.offlinesolutions.ndo.co.uk /pics osl solutions.jpg
102.06.07 02:46 B C:\My Documents\OSL Site\pics osl\stl2.jpg --> www.offlinesolutions.ndo.co.uk /pics osl stl2.jpg
102.06.07 02:46 B C:\My Documents\OSL Site\pics osl\woodworkers.jpg --> www.offlinesolutions.ndo.co.uk /pics osl woodworkers.jpg
102.06.07 02:46 B C:\My Documents\OSL Site\pics osl\world3.gif --> www.offlinesolutions.ndo.co.uk /pics osl world3.gif
102.06.07 02:46 B C:\My Documents\OSL Site\pics osl\WS_FTP.LOG --> www.offlinesolutions.ndo.co.uk /pics osl WS_FTP.LOG
102.06.07 06:40 B C:\My Documents\OSL Site\pics osl\ADTRAN_Lead_VPN.gif --> www.offlinesolutions.ndo.co.uk /pics osl/pics osl ADTRAN_Lead_VPN.gif
102.06.07 06:40 B C:\My Documents\OSL Site\pics osl\banner cut.jpg --> www.offlinesolutions.ndo.co.uk /pics osl/pics osl banner cut.jpg
102.06.07 06:40 B C:\My Documents\OSL Site\pics osl\banner.jpg --> www.offlinesolutions.ndo.co.uk /pics osl/pics osl banner.jpg
102.06.07 06:40 B C:\My Documents\OSL Site\pics osl\banner2.jpg --> www.offlinesolutions.ndo.co.uk /pics osl/pics osl banner2.jpg
102.06.07 06:40 B C:\My Documents\OSL Site\pics osl\bannercut.jpg --> www.offlinesolutions.ndo.co.uk /pics osl/pics osl bannercut.jpg
102.06.07 06:40 B C:\My Documents\OSL Site\pics osl\bannercut2.jpg --> www.offlinesolutions.ndo.co.uk /pics osl/pics osl bannercut2.jpg
102.06.07 06:40 B C:\My Documents\OSL Site\pics osl\bar.jpg --> www.offlinesolutions.ndo.co.uk /pics osl/pics osl bar.jpg
102.06.07 06:40 B C:\My Documents\OSL Site\pics osl\bar2.jpg --> www.offlinesolutions.ndo.co.uk /pics osl/pics osl bar2.jpg
102.06.07 06:40 B C:\My Documents\OSL Site\pics osl\businessmen3.jpg --> www.offlinesolutions.ndo.co.uk /pics osl/pics osl businessmen3.jpg
102.06.07 06:40 B C:\My Documents\OSL Site\pics osl\CAD.jpg --> www.offlinesolutions.ndo.co.uk /pics osl/pics osl CAD.jpg
102.06.07 06:40 B C:\My Documents\OSL Site\pics osl\chgo2.jpg --> www.offlinesolutions.ndo.co.uk /pics osl/pics osl chgo2.jpg
102.06.07 06:41 B C:\My Documents\OSL Site\pics osl\closeup2.jpg --> www.offlinesolutions.ndo.co.uk /pics osl/pics osl closeup2.jpg
102.06.07 06:41 B C:\My Documents\OSL Site\pics osl\columnbg.jpg --> www.offlinesolutions.ndo.co.uk /pics osl/pics osl columnbg.jpg
102.06.07 06:41 B C:\My Documents\OSL Site\pics osl\contact roll.jpg --> www.offlinesolutions.ndo.co.uk /pics osl/pics osl contact roll.jpg
102.06.07 06:41 B C:\My Documents\OSL Site\pics osl\contact.jpg --> www.offlinesolutions.ndo.co.uk /pics osl/pics osl contact.jpg
102.06.07 06:41 B C:\My Documents\OSL Site\pics osl\contact2.jpg --> www.offlinesolutions.ndo.co.uk /pics osl/pics osl contact2.jpg
102.06.07 06:41 B C:\My Documents\OSL Site\pics osl\dollarbtn3.gif --> www.offlinesolutions.ndo.co.uk /pics osl/pics osl dollarbtn3.gif
102.06.07 06:41 B C:\My Documents\OSL Site\pics osl\gl.jpg --> www.offlinesolutions.ndo.co.uk /pics osl/pics osl gl.jpg
102.06.07 06:41 B C:\My Documents\OSL Site\pics osl\Image2.jpg --> www.offlinesolutions.ndo.co.uk /pics osl/pics osl Image2.jpg
102.06.07 06:41 B C:\My Documents\OSL Site\pics osl\Image67.jpg --> www.offlinesolutions.ndo.co.uk /pics osl/pics osl Image67.jpg
102.06.07 06:41 B C:\My Documents\OSL Site\pics osl\Image76.jpg --> www.offlinesolutions.ndo.co.uk /pics osl/pics osl Image76.jpg
102.06.07 06:41 B C:\My Documents\OSL Site\pics osl\intranet roll.jpg --> www.offlinesolutions.ndo.co.uk /pics osl/pics osl intranet roll.jpg
102.06.07 06:41 B C:\My Documents\OSL Site\pics osl\intranet.jpg --> www.offlinesolutions.ndo.co.uk /pics osl/pics osl intranet.jpg
102.06.07 06:41 B C:\My Documents\OSL Site\pics osl\kiosklobby2.jpg --> www.offlinesolutions.ndo.co.uk /pics osl/pics osl kiosklobby2.jpg
102.06.07 06:41 B C:\My Documents\OSL Site\pics osl\kisoskspic1clr.jpg --> www.offlinesolutions.ndo.co.uk /pics osl/pics osl kisoskspic1clr.jpg
102.06.07 06:41 B C:\My Documents\OSL Site\pics osl\ledot_tm_new.gif --> www.offlinesolutions.ndo.co.uk /pics osl/pics osl ledot_tm_new.gif
102.06.07 06:41 B C:\My Documents\OSL Site\pics osl\logotype1.gif --> www.offlinesolutions.ndo.co.uk /pics osl/pics osl logotype1.gif
102.06.07 06:41 B C:\My Documents\OSL Site\pics osl\manoncomputer.jpg --> www.offlinesolutions.ndo.co.uk /pics osl/pics osl manoncomputer.jpg
102.06.07 06:41 B C:\My Documents\OSL Site\pics osl\mlcsguys.bmp --> www.offlinesolutions.ndo.co.uk /pics osl/pics osl mlcsguys.bmp
102.06.07 06:41 B C:\My Documents\OSL Site\pics osl\mlcsguys.gif --> www.offlinesolutions.ndo.co.uk /pics osl/pics osl mlcsguys.gif
102.06.07 06:42 B C:\My Documents\OSL Site\pics osl\mus2.jpg --> www.offlinesolutions.ndo.co.uk /pics osl/pics osl mus2.jpg
102.06.07 06:42 B C:\My Documents\OSL Site\pics osl\old manoncomputer.jpg --> www.offlinesolutions.ndo.co.uk /pics osl/pics osl old manoncomputer.jpg
102.06.07 06:42 B C:\My Documents\OSL Site\pics osl\overview roll.jpg --> www.offlinesolutions.ndo.co.uk /pics osl/pics osl overview roll.jpg
102.06.07 06:42 B C:\My Documents\OSL Site\pics osl\overview.jpg --> www.offlinesolutions.ndo.co.uk /pics osl/pics osl overview.jpg
102.06.07 06:42 B C:\My Documents\OSL Site\pics osl\products roll.jpg --> www.offlinesolutions.ndo.co.uk /pics osl/pics osl products roll.jpg
102.06.07 06:42 B C:\My Documents\OSL Site\pics osl\products.jpg --> www.offlinesolutions.ndo.co.uk /pics osl/pics osl products.jpg
102.06.07 06:42 B C:\My Documents\OSL Site\pics osl\solutions.jpg --> www.offlinesolutions.ndo.co.uk /pics osl/pics osl solutions.jpg
102.06.07 06:42 B C:\My Documents\OSL Site\pics osl\stl2.jpg --> www.offlinesolutions.ndo.co.uk /pics osl/pics osl stl2.jpg
102.06.07 06:43 B C:\My Documents\OSL Site\pics osl\woodworkers.jpg --> www.offlinesolutions.ndo.co.uk /pics osl/pics osl woodworkers.jpg
102.06.07 06:43 B C:\My Documents\OSL Site\pics osl\world3.gif --> www.offlinesolutions.ndo.co.uk /pics osl/pics osl world3.gif
102.06.07 06:43 B C:\My Documents\OSL Site\pics osl\WS_FTP.LOG --> www.offlinesolutions.ndo.co.uk /pics osl/pics osl WS_FTP.LOG
102.06.07 06:47 B C:\My Documents\OSL Site\pics osl\Image2.jpg --> www.offlinesolutions.ndo.co.uk /pics osl Image2.jpg
102.06.07 06:47 B C:\My Documents\OSL Site\pics osl\Image67.jpg --> www.offlinesolutions.ndo.co.uk /pics osl Image67.jpg
102.06.07 06:47 B C:\My Documents\OSL Site\pics osl\Image76.jpg --> www.offlinesolutions.ndo.co.uk /pics osl Image76.jpg
102.06.07 06:47 B C:\My Documents\OSL Site\pics osl\columnbg.jpg --> www.offlinesolutions.ndo.co.uk /pics osl columnbg.jpg
